2020-07-04 15:34:54,357 0      [           main] DEBUG ache.ibatis.logging.LogFactory  - Logging initialized using 'class org.apache.ibatis.logging.log4j.Log4jImpl' adapter.
2020-07-04 15:34:54,379 22     [           main] DEBUG source.pooled.PooledDataSource  - PooledDataSource forcefully closed/removed all connections.
2020-07-04 15:34:54,380 23     [           main] DEBUG source.pooled.PooledDataSource  - PooledDataSource forcefully closed/removed all connections.
2020-07-04 15:34:54,380 23     [           main] DEBUG source.pooled.PooledDataSource  - PooledDataSource forcefully closed/removed all connections.
2020-07-04 15:34:54,380 23     [           main] DEBUG source.pooled.PooledDataSource  - PooledDataSource forcefully closed/removed all connections.
2020-07-04 15:35:31,988 0      [           main] DEBUG ache.ibatis.logging.LogFactory  - Logging initialized using 'class org.apache.ibatis.logging.log4j.Log4jImpl' adapter.
2020-07-04 15:35:32,008 20     [           main] DEBUG source.pooled.PooledDataSource  - PooledDataSource forcefully closed/removed all connections.
2020-07-04 15:35:32,008 20     [           main] DEBUG source.pooled.PooledDataSource  - PooledDataSource forcefully closed/removed all connections.
2020-07-04 15:35:32,008 20     [           main] DEBUG source.pooled.PooledDataSource  - PooledDataSource forcefully closed/removed all connections.
2020-07-04 15:35:32,009 21     [           main] DEBUG source.pooled.PooledDataSource  - PooledDataSource forcefully closed/removed all connections.
2020-07-04 15:35:33,496 1508   [           main] DEBUG ansaction.jdbc.JdbcTransaction  - Opening JDBC Connection
2020-07-04 15:35:33,766 1778   [           main] DEBUG source.pooled.PooledDataSource  - Created connection 1411892748.
2020-07-04 15:35:33,767 1779   [           main] DEBUG ansaction.jdbc.JdbcTransaction  - Setting autocommit to false on JDBC Connection [com.mysql.cj.jdbc.ConnectionImpl@5427c60c]
2020-07-04 15:35:33,773 1785   [           main] DEBUG    cn.kk.dao.IUserDao.findById  - ==>  Preparing: select * from user where id=?; 
2020-07-04 15:35:33,831 1843   [           main] DEBUG    cn.kk.dao.IUserDao.findById  - ==> Parameters: 42(Integer)
2020-07-04 15:35:33,877 1889   [           main] DEBUG    cn.kk.dao.IUserDao.findById  - <==      Total: 1
2020-07-04 15:37:38,096 0      [           main] DEBUG ache.ibatis.logging.LogFactory  - Logging initialized using 'class org.apache.ibatis.logging.log4j.Log4jImpl' adapter.
2020-07-04 15:37:38,119 23     [           main] DEBUG source.pooled.PooledDataSource  - PooledDataSource forcefully closed/removed all connections.
2020-07-04 15:37:38,119 23     [           main] DEBUG source.pooled.PooledDataSource  - PooledDataSource forcefully closed/removed all connections.
2020-07-04 15:37:38,119 23     [           main] DEBUG source.pooled.PooledDataSource  - PooledDataSource forcefully closed/removed all connections.
2020-07-04 15:37:38,120 24     [           main] DEBUG source.pooled.PooledDataSource  - PooledDataSource forcefully closed/removed all connections.
2020-07-04 15:37:39,372 1276   [           main] DEBUG ansaction.jdbc.JdbcTransaction  - Opening JDBC Connection
2020-07-04 15:37:39,800 1704   [           main] DEBUG source.pooled.PooledDataSource  - Created connection 1411892748.
2020-07-04 15:37:39,801 1705   [           main] DEBUG ansaction.jdbc.JdbcTransaction  - Setting autocommit to false on JDBC Connection [com.mysql.cj.jdbc.ConnectionImpl@5427c60c]
2020-07-04 15:37:39,809 1713   [           main] DEBUG    cn.kk.dao.IUserDao.findById  - ==>  Preparing: select * from user where id=?; 
2020-07-04 15:37:39,879 1783   [           main] DEBUG    cn.kk.dao.IUserDao.findById  - ==> Parameters: 42(Integer)
2020-07-04 15:37:39,924 1828   [           main] DEBUG    cn.kk.dao.IUserDao.findById  - <==      Total: 1
2020-07-04 15:38:16,795 0      [           main] DEBUG ache.ibatis.logging.LogFactory  - Logging initialized using 'class org.apache.ibatis.logging.log4j.Log4jImpl' adapter.
2020-07-04 15:38:16,812 17     [           main] DEBUG source.pooled.PooledDataSource  - PooledDataSource forcefully closed/removed all connections.
2020-07-04 15:38:16,812 17     [           main] DEBUG source.pooled.PooledDataSource  - PooledDataSource forcefully closed/removed all connections.
2020-07-04 15:38:16,812 17     [           main] DEBUG source.pooled.PooledDataSource  - PooledDataSource forcefully closed/removed all connections.
2020-07-04 15:38:16,812 17     [           main] DEBUG source.pooled.PooledDataSource  - PooledDataSource forcefully closed/removed all connections.
2020-07-04 15:38:17,640 845    [           main] DEBUG ansaction.jdbc.JdbcTransaction  - Opening JDBC Connection
2020-07-04 15:38:18,037 1242   [           main] DEBUG source.pooled.PooledDataSource  - Created connection 1411892748.
2020-07-04 15:38:18,037 1242   [           main] DEBUG ansaction.jdbc.JdbcTransaction  - Setting autocommit to false on JDBC Connection [com.mysql.cj.jdbc.ConnectionImpl@5427c60c]
2020-07-04 15:38:18,045 1250   [           main] DEBUG    cn.kk.dao.IUserDao.findById  - ==>  Preparing: select * from user where id=?; 
2020-07-04 15:38:18,153 1358   [           main] DEBUG    cn.kk.dao.IUserDao.findById  - ==> Parameters: 42(Integer)
2020-07-04 15:38:18,236 1441   [           main] DEBUG    cn.kk.dao.IUserDao.findById  - <==      Total: 1
2020-07-04 15:40:13,154 0      [           main] DEBUG ache.ibatis.logging.LogFactory  - Logging initialized using 'class org.apache.ibatis.logging.log4j.Log4jImpl' adapter.
2020-07-04 15:40:13,177 23     [           main] DEBUG source.pooled.PooledDataSource  - PooledDataSource forcefully closed/removed all connections.
2020-07-04 15:40:13,177 23     [           main] DEBUG source.pooled.PooledDataSource  - PooledDataSource forcefully closed/removed all connections.
2020-07-04 15:40:13,177 23     [           main] DEBUG source.pooled.PooledDataSource  - PooledDataSource forcefully closed/removed all connections.
2020-07-04 15:40:13,177 23     [           main] DEBUG source.pooled.PooledDataSource  - PooledDataSource forcefully closed/removed all connections.
2020-07-04 15:40:15,329 2175   [           main] DEBUG ansaction.jdbc.JdbcTransaction  - Opening JDBC Connection
2020-07-04 15:40:15,561 2407   [           main] DEBUG source.pooled.PooledDataSource  - Created connection 1475491159.
2020-07-04 15:40:15,561 2407   [           main] DEBUG ansaction.jdbc.JdbcTransaction  - Setting autocommit to false on JDBC Connection [com.mysql.cj.jdbc.ConnectionImpl@57f23557]
2020-07-04 15:40:15,570 2416   [           main] DEBUG    cn.kk.dao.IUserDao.findById  - ==>  Preparing: select * from user where id=?; 
2020-07-04 15:40:15,631 2477   [           main] DEBUG    cn.kk.dao.IUserDao.findById  - ==> Parameters: 42(Integer)
2020-07-04 15:40:15,695 2541   [           main] DEBUG    cn.kk.dao.IUserDao.findById  - <==      Total: 1
2020-07-04 15:40:15,699 2545   [           main] DEBUG ansaction.jdbc.JdbcTransaction  - Resetting autocommit to true on JDBC Connection [com.mysql.cj.jdbc.ConnectionImpl@57f23557]
2020-07-04 15:40:15,700 2546   [           main] DEBUG ansaction.jdbc.JdbcTransaction  - Closing JDBC Connection [com.mysql.cj.jdbc.ConnectionImpl@57f23557]
2020-07-04 15:40:15,700 2546   [           main] DEBUG source.pooled.PooledDataSource  - Returned connection 1475491159 to pool.
2020-07-04 15:41:36,236 0      [           main] DEBUG ache.ibatis.logging.LogFactory  - Logging initialized using 'class org.apache.ibatis.logging.log4j.Log4jImpl' adapter.
2020-07-04 15:41:36,255 19     [           main] DEBUG source.pooled.PooledDataSource  - PooledDataSource forcefully closed/removed all connections.
2020-07-04 15:41:36,255 19     [           main] DEBUG source.pooled.PooledDataSource  - PooledDataSource forcefully closed/removed all connections.
2020-07-04 15:41:36,255 19     [           main] DEBUG source.pooled.PooledDataSource  - PooledDataSource forcefully closed/removed all connections.
2020-07-04 15:41:36,255 19     [           main] DEBUG source.pooled.PooledDataSource  - PooledDataSource forcefully closed/removed all connections.
2020-07-04 15:41:37,360 1124   [           main] DEBUG ansaction.jdbc.JdbcTransaction  - Opening JDBC Connection
2020-07-04 15:41:37,739 1503   [           main] DEBUG source.pooled.PooledDataSource  - Created connection 1411892748.
2020-07-04 15:41:37,740 1504   [           main] DEBUG ansaction.jdbc.JdbcTransaction  - Setting autocommit to false on JDBC Connection [com.mysql.cj.jdbc.ConnectionImpl@5427c60c]
2020-07-04 15:41:37,747 1511   [           main] DEBUG    cn.kk.dao.IUserDao.findById  - ==>  Preparing: select * from user where id=?; 
2020-07-04 15:41:37,817 1581   [           main] DEBUG    cn.kk.dao.IUserDao.findById  - ==> Parameters: 42(Integer)
2020-07-04 15:41:37,870 1634   [           main] DEBUG    cn.kk.dao.IUserDao.findById  - <==      Total: 1
2020-07-04 15:41:37,875 1639   [           main] DEBUG ansaction.jdbc.JdbcTransaction  - Resetting autocommit to true on JDBC Connection [com.mysql.cj.jdbc.ConnectionImpl@5427c60c]
2020-07-04 15:41:37,875 1639   [           main] DEBUG ansaction.jdbc.JdbcTransaction  - Closing JDBC Connection [com.mysql.cj.jdbc.ConnectionImpl@5427c60c]
2020-07-04 15:41:37,876 1640   [           main] DEBUG source.pooled.PooledDataSource  - Returned connection 1411892748 to pool.
2020-07-04 15:41:37,876 1640   [           main] DEBUG ansaction.jdbc.JdbcTransaction  - Opening JDBC Connection
2020-07-04 15:41:37,876 1640   [           main] DEBUG source.pooled.PooledDataSource  - Checked out connection 1411892748 from pool.
2020-07-04 15:41:37,876 1640   [           main] DEBUG ansaction.jdbc.JdbcTransaction  - Setting autocommit to false on JDBC Connection [com.mysql.cj.jdbc.ConnectionImpl@5427c60c]
2020-07-04 15:41:37,877 1641   [           main] DEBUG    cn.kk.dao.IUserDao.findById  - ==>  Preparing: select * from user where id=?; 
2020-07-04 15:41:37,877 1641   [           main] DEBUG    cn.kk.dao.IUserDao.findById  - ==> Parameters: 42(Integer)
2020-07-04 15:41:37,879 1643   [           main] DEBUG    cn.kk.dao.IUserDao.findById  - <==      Total: 1
2020-07-04 15:43:30,479 0      [           main] DEBUG ache.ibatis.logging.LogFactory  - Logging initialized using 'class org.apache.ibatis.logging.log4j.Log4jImpl' adapter.
2020-07-04 15:43:30,499 20     [           main] DEBUG source.pooled.PooledDataSource  - PooledDataSource forcefully closed/removed all connections.
2020-07-04 15:43:30,499 20     [           main] DEBUG source.pooled.PooledDataSource  - PooledDataSource forcefully closed/removed all connections.
2020-07-04 15:43:30,499 20     [           main] DEBUG source.pooled.PooledDataSource  - PooledDataSource forcefully closed/removed all connections.
2020-07-04 15:43:30,499 20     [           main] DEBUG source.pooled.PooledDataSource  - PooledDataSource forcefully closed/removed all connections.
2020-07-04 15:43:31,437 958    [           main] DEBUG ansaction.jdbc.JdbcTransaction  - Opening JDBC Connection
2020-07-04 15:43:31,825 1346   [           main] DEBUG source.pooled.PooledDataSource  - Created connection 1475491159.
2020-07-04 15:43:31,826 1347   [           main] DEBUG ansaction.jdbc.JdbcTransaction  - Setting autocommit to false on JDBC Connection [com.mysql.cj.jdbc.ConnectionImpl@57f23557]
2020-07-04 15:43:31,833 1354   [           main] DEBUG    cn.kk.dao.IUserDao.findById  - ==>  Preparing: select * from user where id=?; 
2020-07-04 15:43:31,896 1417   [           main] DEBUG    cn.kk.dao.IUserDao.findById  - ==> Parameters: 42(Integer)
2020-07-04 15:43:31,962 1483   [           main] DEBUG    cn.kk.dao.IUserDao.findById  - <==      Total: 1
2020-07-04 15:43:31,966 1487   [           main] DEBUG    cn.kk.dao.IUserDao.findById  - ==>  Preparing: select * from user where id=?; 
2020-07-04 15:43:31,966 1487   [           main] DEBUG    cn.kk.dao.IUserDao.findById  - ==> Parameters: 42(Integer)
2020-07-04 15:43:31,968 1489   [           main] DEBUG    cn.kk.dao.IUserDao.findById  - <==      Total: 1
2020-07-04 16:10:32,966 0      [           main] DEBUG ache.ibatis.logging.LogFactory  - Logging initialized using 'class org.apache.ibatis.logging.log4j.Log4jImpl' adapter.
2020-07-04 16:10:32,984 18     [           main] DEBUG source.pooled.PooledDataSource  - PooledDataSource forcefully closed/removed all connections.
2020-07-04 16:10:32,984 18     [           main] DEBUG source.pooled.PooledDataSource  - PooledDataSource forcefully closed/removed all connections.
2020-07-04 16:10:32,984 18     [           main] DEBUG source.pooled.PooledDataSource  - PooledDataSource forcefully closed/removed all connections.
2020-07-04 16:10:32,984 18     [           main] DEBUG source.pooled.PooledDataSource  - PooledDataSource forcefully closed/removed all connections.
2020-07-04 16:10:34,831 1865   [           main] DEBUG ansaction.jdbc.JdbcTransaction  - Opening JDBC Connection
2020-07-04 16:10:35,134 2168   [           main] DEBUG source.pooled.PooledDataSource  - Created connection 22805895.
2020-07-04 16:10:35,135 2169   [           main] DEBUG ansaction.jdbc.JdbcTransaction  - Setting autocommit to false on JDBC Connection [com.mysql.cj.jdbc.ConnectionImpl@15bfd87]
2020-07-04 16:10:35,142 2176   [           main] DEBUG    cn.kk.dao.IUserDao.findById  - ==>  Preparing: select * from user where id=?; 
2020-07-04 16:10:35,233 2267   [           main] DEBUG    cn.kk.dao.IUserDao.findById  - ==> Parameters: 52(Integer)
2020-07-04 16:10:35,274 2308   [           main] DEBUG    cn.kk.dao.IUserDao.findById  - <==      Total: 1
2020-07-04 16:10:35,276 2310   [           main] DEBUG  cn.kk.dao.IUserDao.updateUser  - ==>  Preparing: update user set username = ? where id = ?; 
2020-07-04 16:10:35,277 2311   [           main] DEBUG  cn.kk.dao.IUserDao.updateUser  - ==> Parameters: TestCache(String), 52(Integer)
2020-07-04 16:10:35,279 2313   [           main] DEBUG  cn.kk.dao.IUserDao.updateUser  - <==    Updates: 1
2020-07-04 16:10:35,279 2313   [           main] DEBUG    cn.kk.dao.IUserDao.findById  - ==>  Preparing: select * from user where id=?; 
2020-07-04 16:10:35,280 2314   [           main] DEBUG    cn.kk.dao.IUserDao.findById  - ==> Parameters: 52(Integer)
2020-07-04 16:10:35,281 2315   [           main] DEBUG    cn.kk.dao.IUserDao.findById  - <==      Total: 1
2020-07-04 16:27:19,542 0      [           main] DEBUG ache.ibatis.logging.LogFactory  - Logging initialized using 'class org.apache.ibatis.logging.log4j.Log4jImpl' adapter.
2020-07-04 16:27:19,591 49     [           main] DEBUG source.pooled.PooledDataSource  - PooledDataSource forcefully closed/removed all connections.
2020-07-04 16:27:19,591 49     [           main] DEBUG source.pooled.PooledDataSource  - PooledDataSource forcefully closed/removed all connections.
2020-07-04 16:27:19,591 49     [           main] DEBUG source.pooled.PooledDataSource  - PooledDataSource forcefully closed/removed all connections.
2020-07-04 16:27:19,592 50     [           main] DEBUG source.pooled.PooledDataSource  - PooledDataSource forcefully closed/removed all connections.
2020-07-04 16:27:19,828 286    [           main] DEBUG ansaction.jdbc.JdbcTransaction  - Opening JDBC Connection
2020-07-04 16:27:20,293 751    [           main] DEBUG source.pooled.PooledDataSource  - Created connection 942518407.
2020-07-04 16:27:20,293 751    [           main] DEBUG ansaction.jdbc.JdbcTransaction  - Setting autocommit to false on JDBC Connection [com.mysql.cj.jdbc.ConnectionImpl@382db087]
2020-07-04 16:27:20,303 761    [           main] DEBUG    cn.kk.dao.IUserDao.findById  - ==>  Preparing: select * from user where id=?; 
2020-07-04 16:27:20,450 908    [           main] DEBUG    cn.kk.dao.IUserDao.findById  - ==> Parameters: 52(Integer)
2020-07-04 16:27:20,549 1007   [           main] DEBUG    cn.kk.dao.IUserDao.findById  - <==      Total: 1
2020-07-04 16:27:20,554 1012   [           main] DEBUG ansaction.jdbc.JdbcTransaction  - Resetting autocommit to true on JDBC Connection [com.mysql.cj.jdbc.ConnectionImpl@382db087]
2020-07-04 16:27:20,554 1012   [           main] DEBUG ansaction.jdbc.JdbcTransaction  - Closing JDBC Connection [com.mysql.cj.jdbc.ConnectionImpl@382db087]
2020-07-04 16:27:20,554 1012   [           main] DEBUG source.pooled.PooledDataSource  - Returned connection 942518407 to pool.
2020-07-04 16:27:46,258 0      [           main] DEBUG ache.ibatis.logging.LogFactory  - Logging initialized using 'class org.apache.ibatis.logging.log4j.Log4jImpl' adapter.
2020-07-04 16:27:46,298 40     [           main] DEBUG source.pooled.PooledDataSource  - PooledDataSource forcefully closed/removed all connections.
2020-07-04 16:27:46,298 40     [           main] DEBUG source.pooled.PooledDataSource  - PooledDataSource forcefully closed/removed all connections.
2020-07-04 16:27:46,298 40     [           main] DEBUG source.pooled.PooledDataSource  - PooledDataSource forcefully closed/removed all connections.
2020-07-04 16:27:46,299 41     [           main] DEBUG source.pooled.PooledDataSource  - PooledDataSource forcefully closed/removed all connections.
2020-07-04 16:27:46,565 307    [           main] DEBUG ansaction.jdbc.JdbcTransaction  - Opening JDBC Connection
2020-07-04 16:27:46,921 663    [           main] DEBUG source.pooled.PooledDataSource  - Created connection 942518407.
2020-07-04 16:27:46,922 664    [           main] DEBUG ansaction.jdbc.JdbcTransaction  - Setting autocommit to false on JDBC Connection [com.mysql.cj.jdbc.ConnectionImpl@382db087]
2020-07-04 16:27:46,929 671    [           main] DEBUG    cn.kk.dao.IUserDao.findById  - ==>  Preparing: select * from user where id=?; 
2020-07-04 16:27:46,999 741    [           main] DEBUG    cn.kk.dao.IUserDao.findById  - ==> Parameters: 52(Integer)
2020-07-04 16:27:47,060 802    [           main] DEBUG    cn.kk.dao.IUserDao.findById  - <==      Total: 1
2020-07-04 16:27:47,064 806    [           main] DEBUG ansaction.jdbc.JdbcTransaction  - Resetting autocommit to true on JDBC Connection [com.mysql.cj.jdbc.ConnectionImpl@382db087]
2020-07-04 16:27:47,065 807    [           main] DEBUG ansaction.jdbc.JdbcTransaction  - Closing JDBC Connection [com.mysql.cj.jdbc.ConnectionImpl@382db087]
2020-07-04 16:27:47,065 807    [           main] DEBUG source.pooled.PooledDataSource  - Returned connection 942518407 to pool.
2020-07-04 16:27:47,065 807    [           main] DEBUG ansaction.jdbc.JdbcTransaction  - Opening JDBC Connection
2020-07-04 16:27:47,065 807    [           main] DEBUG source.pooled.PooledDataSource  - Checked out connection 942518407 from pool.
2020-07-04 16:27:47,065 807    [           main] DEBUG ansaction.jdbc.JdbcTransaction  - Setting autocommit to false on JDBC Connection [com.mysql.cj.jdbc.ConnectionImpl@382db087]
2020-07-04 16:27:47,066 808    [           main] DEBUG    cn.kk.dao.IUserDao.findById  - ==>  Preparing: select * from user where id=?; 
2020-07-04 16:27:47,066 808    [           main] DEBUG    cn.kk.dao.IUserDao.findById  - ==> Parameters: 52(Integer)
2020-07-04 16:27:47,068 810    [           main] DEBUG    cn.kk.dao.IUserDao.findById  - <==      Total: 1
2020-07-04 16:27:47,068 810    [           main] DEBUG ansaction.jdbc.JdbcTransaction  - Resetting autocommit to true on JDBC Connection [com.mysql.cj.jdbc.ConnectionImpl@382db087]
2020-07-04 16:27:47,069 811    [           main] DEBUG ansaction.jdbc.JdbcTransaction  - Closing JDBC Connection [com.mysql.cj.jdbc.ConnectionImpl@382db087]
2020-07-04 16:27:47,069 811    [           main] DEBUG source.pooled.PooledDataSource  - Returned connection 942518407 to pool.
2020-07-04 16:31:40,985 0      [           main] DEBUG ache.ibatis.logging.LogFactory  - Logging initialized using 'class org.apache.ibatis.logging.log4j.Log4jImpl' adapter.
2020-07-04 16:31:41,022 37     [           main] DEBUG source.pooled.PooledDataSource  - PooledDataSource forcefully closed/removed all connections.
2020-07-04 16:31:41,022 37     [           main] DEBUG source.pooled.PooledDataSource  - PooledDataSource forcefully closed/removed all connections.
2020-07-04 16:31:41,022 37     [           main] DEBUG source.pooled.PooledDataSource  - PooledDataSource forcefully closed/removed all connections.
2020-07-04 16:31:41,022 37     [           main] DEBUG source.pooled.PooledDataSource  - PooledDataSource forcefully closed/removed all connections.
2020-07-04 16:31:43,326 0      [           main] DEBUG ache.ibatis.logging.LogFactory  - Logging initialized using 'class org.apache.ibatis.logging.log4j.Log4jImpl' adapter.
2020-07-04 16:31:43,345 19     [           main] DEBUG source.pooled.PooledDataSource  - PooledDataSource forcefully closed/removed all connections.
2020-07-04 16:31:43,345 19     [           main] DEBUG source.pooled.PooledDataSource  - PooledDataSource forcefully closed/removed all connections.
2020-07-04 16:31:43,345 19     [           main] DEBUG source.pooled.PooledDataSource  - PooledDataSource forcefully closed/removed all connections.
2020-07-04 16:31:43,345 19     [           main] DEBUG source.pooled.PooledDataSource  - PooledDataSource forcefully closed/removed all connections.
2020-07-04 16:31:45,691 2365   [           main] DEBUG ansaction.jdbc.JdbcTransaction  - Opening JDBC Connection
2020-07-04 16:31:45,954 2628   [           main] DEBUG source.pooled.PooledDataSource  - Created connection 1024429571.
2020-07-04 16:31:45,954 2628   [           main] DEBUG ansaction.jdbc.JdbcTransaction  - Setting autocommit to false on JDBC Connection [com.mysql.cj.jdbc.ConnectionImpl@3d0f8e03]
2020-07-04 16:31:45,960 2634   [           main] DEBUG    cn.kk.dao.IUserDao.findById  - ==>  Preparing: select * from user where id=?; 
2020-07-04 16:31:46,032 2706   [           main] DEBUG    cn.kk.dao.IUserDao.findById  - ==> Parameters: 42(Integer)
2020-07-04 16:31:46,083 2757   [           main] DEBUG    cn.kk.dao.IUserDao.findById  - <==      Total: 1
2020-07-04 16:32:37,605 0      [           main] DEBUG ache.ibatis.logging.LogFactory  - Logging initialized using 'class org.apache.ibatis.logging.log4j.Log4jImpl' adapter.
2020-07-04 16:32:37,627 22     [           main] DEBUG source.pooled.PooledDataSource  - PooledDataSource forcefully closed/removed all connections.
2020-07-04 16:32:37,627 22     [           main] DEBUG source.pooled.PooledDataSource  - PooledDataSource forcefully closed/removed all connections.
2020-07-04 16:32:37,627 22     [           main] DEBUG source.pooled.PooledDataSource  - PooledDataSource forcefully closed/removed all connections.
2020-07-04 16:32:37,627 22     [           main] DEBUG source.pooled.PooledDataSource  - PooledDataSource forcefully closed/removed all connections.
2020-07-04 16:32:40,678 3073   [           main] DEBUG ansaction.jdbc.JdbcTransaction  - Opening JDBC Connection
2020-07-04 16:32:40,908 3303   [           main] DEBUG source.pooled.PooledDataSource  - Created connection 22805895.
2020-07-04 16:32:40,908 3303   [           main] DEBUG ansaction.jdbc.JdbcTransaction  - Setting autocommit to false on JDBC Connection [com.mysql.cj.jdbc.ConnectionImpl@15bfd87]
2020-07-04 16:32:40,915 3310   [           main] DEBUG    cn.kk.dao.IUserDao.findById  - ==>  Preparing: select * from user where id=?; 
2020-07-04 16:32:40,970 3365   [           main] DEBUG    cn.kk.dao.IUserDao.findById  - ==> Parameters: 42(Integer)
2020-07-04 16:32:41,014 3409   [           main] DEBUG    cn.kk.dao.IUserDao.findById  - <==      Total: 1
2020-07-04 16:32:41,019 3414   [           main] DEBUG    cn.kk.dao.IUserDao.findById  - ==>  Preparing: select * from user where id=?; 
2020-07-04 16:32:41,020 3415   [           main] DEBUG    cn.kk.dao.IUserDao.findById  - ==> Parameters: 42(Integer)
2020-07-04 16:32:41,021 3416   [           main] DEBUG    cn.kk.dao.IUserDao.findById  - <==      Total: 1
2020-07-04 16:39:50,728 0      [           main] DEBUG ache.ibatis.logging.LogFactory  - Logging initialized using 'class org.apache.ibatis.logging.log4j.Log4jImpl' adapter.
2020-07-04 16:39:50,753 25     [           main] DEBUG source.pooled.PooledDataSource  - PooledDataSource forcefully closed/removed all connections.
2020-07-04 16:39:50,753 25     [           main] DEBUG source.pooled.PooledDataSource  - PooledDataSource forcefully closed/removed all connections.
2020-07-04 16:39:50,753 25     [           main] DEBUG source.pooled.PooledDataSource  - PooledDataSource forcefully closed/removed all connections.
2020-07-04 16:39:50,753 25     [           main] DEBUG source.pooled.PooledDataSource  - PooledDataSource forcefully closed/removed all connections.
2020-07-04 16:39:50,975 247    [           main] DEBUG ansaction.jdbc.JdbcTransaction  - Opening JDBC Connection
2020-07-04 16:39:51,322 594    [           main] DEBUG source.pooled.PooledDataSource  - Created connection 146305349.
2020-07-04 16:39:51,322 594    [           main] DEBUG ansaction.jdbc.JdbcTransaction  - Setting autocommit to false on JDBC Connection [com.mysql.cj.jdbc.ConnectionImpl@8b87145]
2020-07-04 16:39:51,330 602    [           main] DEBUG    cn.kk.dao.IUserDao.findById  - ==>  Preparing: select * from user where id=?; 
2020-07-04 16:39:51,433 705    [           main] DEBUG    cn.kk.dao.IUserDao.findById  - ==> Parameters: 52(Integer)
2020-07-04 16:39:51,481 753    [           main] DEBUG    cn.kk.dao.IUserDao.findById  - <==      Total: 1
2020-07-04 16:39:51,485 757    [           main] DEBUG ansaction.jdbc.JdbcTransaction  - Resetting autocommit to true on JDBC Connection [com.mysql.cj.jdbc.ConnectionImpl@8b87145]
2020-07-04 16:39:51,485 757    [           main] DEBUG ansaction.jdbc.JdbcTransaction  - Closing JDBC Connection [com.mysql.cj.jdbc.ConnectionImpl@8b87145]
2020-07-04 16:39:51,486 758    [           main] DEBUG source.pooled.PooledDataSource  - Returned connection 146305349 to pool.
2020-07-04 16:39:51,486 758    [           main] DEBUG ansaction.jdbc.JdbcTransaction  - Opening JDBC Connection
2020-07-04 16:39:51,486 758    [           main] DEBUG source.pooled.PooledDataSource  - Checked out connection 146305349 from pool.
2020-07-04 16:39:51,486 758    [           main] DEBUG ansaction.jdbc.JdbcTransaction  - Setting autocommit to false on JDBC Connection [com.mysql.cj.jdbc.ConnectionImpl@8b87145]
2020-07-04 16:39:51,487 759    [           main] DEBUG    cn.kk.dao.IUserDao.findById  - ==>  Preparing: select * from user where id=?; 
2020-07-04 16:39:51,487 759    [           main] DEBUG    cn.kk.dao.IUserDao.findById  - ==> Parameters: 52(Integer)
2020-07-04 16:39:51,489 761    [           main] DEBUG    cn.kk.dao.IUserDao.findById  - <==      Total: 1
2020-07-04 16:39:51,489 761    [           main] DEBUG ansaction.jdbc.JdbcTransaction  - Resetting autocommit to true on JDBC Connection [com.mysql.cj.jdbc.ConnectionImpl@8b87145]
2020-07-04 16:39:51,490 762    [           main] DEBUG ansaction.jdbc.JdbcTransaction  - Closing JDBC Connection [com.mysql.cj.jdbc.ConnectionImpl@8b87145]
2020-07-04 16:39:51,490 762    [           main] DEBUG source.pooled.PooledDataSource  - Returned connection 146305349 to pool.
2020-07-04 16:41:52,209 0      [           main] DEBUG ache.ibatis.logging.LogFactory  - Logging initialized using 'class org.apache.ibatis.logging.log4j.Log4jImpl' adapter.
2020-07-04 16:41:52,237 28     [           main] DEBUG source.pooled.PooledDataSource  - PooledDataSource forcefully closed/removed all connections.
2020-07-04 16:41:52,237 28     [           main] DEBUG source.pooled.PooledDataSource  - PooledDataSource forcefully closed/removed all connections.
2020-07-04 16:41:52,237 28     [           main] DEBUG source.pooled.PooledDataSource  - PooledDataSource forcefully closed/removed all connections.
2020-07-04 16:41:52,238 29     [           main] DEBUG source.pooled.PooledDataSource  - PooledDataSource forcefully closed/removed all connections.
2020-07-04 16:42:02,825 0      [           main] DEBUG ache.ibatis.logging.LogFactory  - Logging initialized using 'class org.apache.ibatis.logging.log4j.Log4jImpl' adapter.
2020-07-04 16:42:02,842 17     [           main] DEBUG source.pooled.PooledDataSource  - PooledDataSource forcefully closed/removed all connections.
2020-07-04 16:42:02,843 18     [           main] DEBUG source.pooled.PooledDataSource  - PooledDataSource forcefully closed/removed all connections.
2020-07-04 16:42:02,843 18     [           main] DEBUG source.pooled.PooledDataSource  - PooledDataSource forcefully closed/removed all connections.
2020-07-04 16:42:02,843 18     [           main] DEBUG source.pooled.PooledDataSource  - PooledDataSource forcefully closed/removed all connections.
2020-07-04 16:42:03,010 185    [           main] DEBUG             cn.kk.dao.IUserDao  - Cache Hit Ratio [cn.kk.dao.IUserDao]: 0.0
2020-07-04 16:42:03,020 195    [           main] DEBUG ansaction.jdbc.JdbcTransaction  - Opening JDBC Connection
2020-07-04 16:42:03,372 547    [           main] DEBUG source.pooled.PooledDataSource  - Created connection 322836221.
2020-07-04 16:42:03,372 547    [           main] DEBUG ansaction.jdbc.JdbcTransaction  - Setting autocommit to false on JDBC Connection [com.mysql.cj.jdbc.ConnectionImpl@133e16fd]
2020-07-04 16:42:03,380 555    [           main] DEBUG    cn.kk.dao.IUserDao.findById  - ==>  Preparing: select * from user where id=?; 
2020-07-04 16:42:03,456 631    [           main] DEBUG    cn.kk.dao.IUserDao.findById  - ==> Parameters: 52(Integer)
2020-07-04 16:42:03,528 703    [           main] DEBUG    cn.kk.dao.IUserDao.findById  - <==      Total: 1
2020-07-04 16:42:03,551 726    [           main] DEBUG ansaction.jdbc.JdbcTransaction  - Resetting autocommit to true on JDBC Connection [com.mysql.cj.jdbc.ConnectionImpl@133e16fd]
2020-07-04 16:42:03,551 726    [           main] DEBUG ansaction.jdbc.JdbcTransaction  - Closing JDBC Connection [com.mysql.cj.jdbc.ConnectionImpl@133e16fd]
2020-07-04 16:42:03,552 727    [           main] DEBUG source.pooled.PooledDataSource  - Returned connection 322836221 to pool.
2020-07-04 16:42:27,297 0      [           main] DEBUG ache.ibatis.logging.LogFactory  - Logging initialized using 'class org.apache.ibatis.logging.log4j.Log4jImpl' adapter.
2020-07-04 16:42:27,337 40     [           main] DEBUG source.pooled.PooledDataSource  - PooledDataSource forcefully closed/removed all connections.
2020-07-04 16:42:27,337 40     [           main] DEBUG source.pooled.PooledDataSource  - PooledDataSource forcefully closed/removed all connections.
2020-07-04 16:42:27,337 40     [           main] DEBUG source.pooled.PooledDataSource  - PooledDataSource forcefully closed/removed all connections.
2020-07-04 16:42:27,337 40     [           main] DEBUG source.pooled.PooledDataSource  - PooledDataSource forcefully closed/removed all connections.
2020-07-04 16:42:27,575 278    [           main] DEBUG             cn.kk.dao.IUserDao  - Cache Hit Ratio [cn.kk.dao.IUserDao]: 0.0
2020-07-04 16:42:27,588 291    [           main] DEBUG ansaction.jdbc.JdbcTransaction  - Opening JDBC Connection
2020-07-04 16:42:27,988 691    [           main] DEBUG source.pooled.PooledDataSource  - Created connection 322836221.
2020-07-04 16:42:27,988 691    [           main] DEBUG ansaction.jdbc.JdbcTransaction  - Setting autocommit to false on JDBC Connection [com.mysql.cj.jdbc.ConnectionImpl@133e16fd]
2020-07-04 16:42:27,995 698    [           main] DEBUG    cn.kk.dao.IUserDao.findById  - ==>  Preparing: select * from user where id=?; 
2020-07-04 16:42:28,082 785    [           main] DEBUG    cn.kk.dao.IUserDao.findById  - ==> Parameters: 52(Integer)
2020-07-04 16:42:28,148 851    [           main] DEBUG    cn.kk.dao.IUserDao.findById  - <==      Total: 1
2020-07-04 16:42:28,173 876    [           main] DEBUG ansaction.jdbc.JdbcTransaction  - Resetting autocommit to true on JDBC Connection [com.mysql.cj.jdbc.ConnectionImpl@133e16fd]
2020-07-04 16:42:28,174 877    [           main] DEBUG ansaction.jdbc.JdbcTransaction  - Closing JDBC Connection [com.mysql.cj.jdbc.ConnectionImpl@133e16fd]
2020-07-04 16:42:28,174 877    [           main] DEBUG source.pooled.PooledDataSource  - Returned connection 322836221 to pool.
2020-07-04 16:42:28,179 882    [           main] DEBUG             cn.kk.dao.IUserDao  - Cache Hit Ratio [cn.kk.dao.IUserDao]: 0.5
